c:\users\jordan\desktop\game programming projects\egp-310\section03\burnett.jordan\untitled final project\debug\vc140.pdb
c:\users\jordan\desktop\game programming projects\egp-310\section03\burnett.jordan\untitled final project\debug\vc140.idb
c:\users\jordan\desktop\game programming projects\egp-310\section03\burnett.jordan\untitled final project\debug\playerhealthevent.obj
c:\users\jordan\desktop\game programming projects\egp-310\section03\burnett.jordan\untitled final project\debug\playerinputcomponent.obj
c:\users\jordan\desktop\game programming projects\egp-310\section03\burnett.jordan\untitled final project\debug\playerinputevent.obj
c:\users\jordan\desktop\game programming projects\egp-310\section03\burnett.jordan\untitled final project\debug\playsoundevent.obj
c:\users\jordan\desktop\game programming projects\egp-310\section03\burnett.jordan\untitled final project\debug\projectileentityinputcomponent.obj
c:\users\jordan\desktop\game programming projects\egp-310\section03\burnett.jordan\untitled final project\debug\quitevent.obj
c:\users\jordan\desktop\game programming projects\egp-310\section03\burnett.jordan\untitled final project\debug\sprite.obj
c:\users\jordan\desktop\game programming projects\egp-310\section03\burnett.jordan\untitled final project\debug\ui.obj
c:\users\jordan\desktop\game programming projects\egp-310\section03\burnett.jordan\untitled final project\debug\uibox.obj
c:\users\jordan\desktop\game programming projects\egp-310\section03\burnett.jordan\untitled final project\debug\unit.obj
c:\users\jordan\desktop\game programming projects\egp-310\section03\burnett.jordan\untitled final project\debug\unitaddevent.obj
c:\users\jordan\desktop\game programming projects\egp-310\section03\burnett.jordan\untitled final project\debug\unitmanager.obj
c:\users\jordan\desktop\game programming projects\egp-310\section03\burnett.jordan\untitled final project\debug\unitremoveevent.obj
c:\users\jordan\desktop\game programming projects\egp-310\section03\burnett.jordan\untitled final project\debug\updatefpsevent.obj
c:\users\jordan\desktop\game programming projects\egp-310\section03\burnett.jordan\untitled final project\debug\vector2d.obj
c:\users\jordan\desktop\game programming projects\egp-310\section03\burnett.jordan\untitled final project\debug\victoryitemfoundevent.obj
c:\users\jordan\desktop\game programming projects\egp-310\section03\burnett.jordan\untitled final project\debug\volumeevent.obj
c:\users\jordan\desktop\game programming projects\egp-310\section03\burnett.jordan\untitled final project\debug\wall.obj
c:\users\jordan\desktop\game programming projects\egp-310\section03\burnett.jordan\untitled final project\debug\weapon.obj
c:\users\jordan\desktop\game programming projects\egp-310\section03\burnett.jordan\untitled final project\debug\weaponbehavior.obj
c:\users\jordan\desktop\game programming projects\egp-310\section03\burnett.jordan\untitled final project\debug\untitled.c03e088f.tlog\cl.command.1.tlog
c:\users\jordan\desktop\game programming projects\egp-310\section03\burnett.jordan\untitled final project\debug\untitled.c03e088f.tlog\cl.read.1.tlog
c:\users\jordan\desktop\game programming projects\egp-310\section03\burnett.jordan\untitled final project\debug\untitled.c03e088f.tlog\cl.write.1.tlog
