  weaponBehavior.cpp
  weapon.cpp
  wall.cpp
  volumeEvent.cpp
  victoryItemFoundEvent.cpp
  Vector2D.cpp
  updateFPSEvent.cpp
  unitRemoveEvent.cpp
  unitManager.cpp
  unitAddEvent.cpp
  unit.cpp
  uiBox.cpp
  ui.cpp
  sprite.cpp
  quitEvent.cpp
  projectileEntityInputComponent.cpp
  playSoundEvent.cpp
  playerInputEvent.cpp
  playerInputComponent.cpp
  playerHealthEvent.cpp
  Generating Code...
  Compiling...
  playerDeathEvent.cpp
  physicsComponent.cpp
  PerformanceTracker.cpp
  pauseEvent.cpp
  movePlayerEvent.cpp
  mouseMoveEvent.cpp
  mouseClickEvent.cpp
  meleeWeaponBehavior.cpp
  meleeEntityInputComponent.cpp
  main.cpp
  loadEvent.cpp
  levelManager.cpp
  levelEndEvent.cpp
  level.cpp
  jsonData.cpp
  ItemSpawner.cpp
  inputSystem.cpp
  inputReleaseEvent.cpp
  inputManager.cpp
  inputComponent.cpp
  Generating Code...
  Compiling...
  incrementScoreEvent.cpp
  incrementLivesEvent.cpp
  hitBox.cpp
  graphicsSystem.cpp
  graphicsBufferManager.cpp
  graphicsBuffer.cpp
  game.cpp
  font.cpp
  EventSystem.cpp
  EventListener.cpp
  event.cpp
  Entity.cpp
  difficultyChangeEvent.cpp
  color.cpp
  collisionComponent.cpp
  Collectible.cpp
  bowProjectileWeaponBehavior.cpp
  audioManager.cpp
  attack.cpp
  ArmorManager.cpp
  Generating Code...
  Compiling...
  Armor.cpp
  animation.cpp
  Generating Code...
  Untitled Final Project.vcxproj -> C:\Users\jordan\Desktop\Game Programming Projects\EGP-310\section03\burnett.jordan\Untitled Final Project\Debug\Untitled Final Project.exe
  Untitled Final Project.vcxproj -> C:\Users\jordan\Desktop\Game Programming Projects\EGP-310\section03\burnett.jordan\Untitled Final Project\Debug\Untitled Final Project.pdb (Partial PDB)
